[debug] [2021-11-06T07:12:52.094Z] ----------------------------------------------------------------------
[debug] [2021-11-06T07:12:52.096Z] Command:       C:\Program Files (x86)\nodejs\node.exe C:\Users\Lenovo\AppData\Roaming\npm\node_modules\firebase-tools\lib\bin\firebase.js init
[debug] [2021-11-06T07:12:52.096Z] CLI Version:   9.22.0
[debug] [2021-11-06T07:12:52.096Z] Platform:      win32
[debug] [2021-11-06T07:12:52.097Z] Node Version:  v16.13.0
[debug] [2021-11-06T07:12:52.098Z] Time:          Sat Nov 06 2021 12:42:52 GMT+0530 (India Standard Time)
[debug] [2021-11-06T07:12:52.098Z] ----------------------------------------------------------------------
[debug] 
[debug] [2021-11-06T07:12:52.105Z] > command requires scopes: ["email","openid","https://www.googleapis.com/auth/cloudplatformprojects.readonly","https://www.googleapis.com/auth/firebase","https://www.googleapis.com/auth/cloud-platform"]
[debug] [2021-11-06T07:12:52.106Z] > authorizing via signed-in user (pranav.prakasan14@gmail.com)
[info] 
     ######## #### ########  ######## ########     ###     ######  ########
     ##        ##  ##     ## ##       ##     ##  ##   ##  ##       ##
     ######    ##  ########  ######   ########  #########  ######  ######
     ##        ##  ##    ##  ##       ##     ## ##     ##       ## ##
     ##       #### ##     ## ######## ########  ##     ##  ######  ########

You're about to initialize a Firebase project in this directory:

  E:\FigmaPlugins\Figs

[info] 
=== Project Setup
[info] 
[info] First, let's associate this project directory with a Firebase project.
[info] You can create multiple project aliases by running firebase use --add, 
[info] but for now we'll just set up a default project.
[info] 
[debug] [2021-11-06T07:13:20.742Z] >>> [apiv2][query] GET https://firebase.googleapis.com/v1beta1/projects pageSize=100
[debug] [2021-11-06T07:13:21.525Z] <<< [apiv2][status] GET https://firebase.googleapis.com/v1beta1/projects 200
[debug] [2021-11-06T07:13:21.525Z] <<< [apiv2][body] GET https://firebase.googleapis.com/v1beta1/projects [omitted]
[info] i  Using project findmydesign (FigmaPluginDevelopers) 
[info] 
=== Hosting Setup
[info] 
[info] Your public directory is the folder (relative to your project directory) that
[info] will contain Hosting assets to be uploaded with firebase deploy. If you
[info] have a build process for your assets, use your build's output directory.
[info] 
